  [1m[35m (14.5ms)[0m  [1m[35mCREATE TABLE "schema_migrations" ("version" varchar NOT NULL PRIMARY KEY)[0m
  [1m[35m (19.3ms)[0m  [1m[35mCREATE TABLE "ar_internal_metadata" ("key" varchar NOT NULL PRIMARY KEY, "value" varchar, "created_at" datetime(6) NOT NULL, "updated_at" datetime(6) NOT NULL)[0m
  [1m[36mActiveRecord::SchemaMigration Pluck (0.2ms)[0m  [1m[34mSELECT "schema_migrations"."version" FROM "schema_migrations" ORDER BY "schema_migrations"."version" ASC[0m
Migrating to CreateUsers (20230410085252)
  [1m[36mTRANSACTION (0.1ms)[0m  [1m[36mbegin transaction[0m
  [1m[35m (0.4ms)[0m  [1m[35mCREATE TABLE "users" ("id" integer PRIMARY KEY AUTOINCREMENT NOT NULL, "username" varchar, "email" varchar, "password_digest" varchar, "created_at" datetime(6) NOT NULL, "updated_at" datetime(6) NOT NULL)[0m
  [1m[36mActiveRecord::SchemaMigration Create (0.3ms)[0m  [1m[32mINSERT INTO "schema_migrations" ("version") VALUES (?)[0m  [["version", "20230410085252"]]
  [1m[36mTRANSACTION (13.7ms)[0m  [1m[36mcommit transaction[0m
  [1m[36mActiveRecord::InternalMetadata Load (0.2ms)[0m  [1m[34mSELECT "ar_internal_metadata".* FROM "ar_internal_metadata" WHERE "ar_internal_metadata"."key" = ? LIMIT ?[0m  [["key", "environment"], ["LIMIT", 1]]
  [1m[36mTRANSACTION (0.1ms)[0m  [1m[36mbegin transaction[0m
  [1m[36mActiveRecord::InternalMetadata Create (0.3ms)[0m  [1m[32mINSERT INTO "ar_internal_metadata" ("key", "value", "created_at", "updated_at") VALUES (?, ?, ?, ?)[0m  [["key", "environment"], ["value", "development"], ["created_at", "2023-04-10 10:06:10.119775"], ["updated_at", "2023-04-10 10:06:10.119775"]]
  [1m[36mTRANSACTION (11.4ms)[0m  [1m[36mcommit transaction[0m
  [1m[36mActiveRecord::SchemaMigration Pluck (0.1ms)[0m  [1m[34mSELECT "schema_migrations"."version" FROM "schema_migrations" ORDER BY "schema_migrations"."version" ASC[0m
Started POST "/signup" for 127.0.0.1 at 2023-04-10 13:09:09 +0300
  [1m[36mActiveRecord::SchemaMigration Pluck (0.4ms)[0m  [1m[34mSELECT "schema_migrations"."version" FROM "schema_migrations" ORDER BY "schema_migrations"."version" ASC[0m
Processing by UsersController#create as */*
  Parameters: {"username"=>"Flata", "email"=>"flata@gmail.com", "password"=>"[FILTERED]", "user"=>{"username"=>"Flata", "email"=>"flata@gmail.com"}}
  [1m[36mTRANSACTION (0.1ms)[0m  [1m[36mbegin transaction[0m
  ↳ app/controllers/users_controller.rb:10:in `create'
  [1m[36mUser Exists? (0.3ms)[0m  [1m[34mSELECT 1 AS one FROM "users" WHERE LOWER("users"."username") = LOWER(?) LIMIT ?[0m  [["username", "Flata"], ["LIMIT", 1]]
  ↳ app/controllers/users_controller.rb:10:in `create'
  [1m[36mTRANSACTION (0.3ms)[0m  [1m[31mrollback transaction[0m
  ↳ app/controllers/users_controller.rb:10:in `create'
  [1m[36mUser Exists? (0.2ms)[0m  [1m[34mSELECT 1 AS one FROM "users" WHERE LOWER("users"."username") = LOWER(?) LIMIT ?[0m  [["username", "Flata"], ["LIMIT", 1]]
  ↳ app/controllers/users_controller.rb:12:in `create'
[active_model_serializers] Rendered ActiveModel::Serializer::Null with ActiveModel::Errors (2053.7ms)
Completed 422 Unprocessable Entity in 2119ms (Views: 2060.5ms | ActiveRecord: 2.3ms | Allocations: 1030120)


Started POST "/signup" for 127.0.0.1 at 2023-04-10 13:11:12 +0300
  [1m[36mActiveRecord::SchemaMigration Pluck (0.1ms)[0m  [1m[34mSELECT "schema_migrations"."version" FROM "schema_migrations" ORDER BY "schema_migrations"."version" ASC[0m
Processing by UsersController#create as */*
  Parameters: {"username"=>"Flata", "email"=>"flata@gmail.com", "password"=>"[FILTERED]", "user"=>{"username"=>"Flata", "email"=>"flata@gmail.com"}}
  [1m[36mTRANSACTION (0.1ms)[0m  [1m[36mbegin transaction[0m
  ↳ app/controllers/users_controller.rb:10:in `create'
  [1m[36mUser Exists? (0.2ms)[0m  [1m[34mSELECT 1 AS one FROM "users" WHERE LOWER("users"."username") = LOWER(?) LIMIT ?[0m  [["username", "Flata"], ["LIMIT", 1]]
  ↳ app/controllers/users_controller.rb:10:in `create'
  [1m[36mTRANSACTION (0.1ms)[0m  [1m[31mrollback transaction[0m
  ↳ app/controllers/users_controller.rb:10:in `create'
  [1m[36mUser Exists? (0.2ms)[0m  [1m[34mSELECT 1 AS one FROM "users" WHERE LOWER("users"."username") = LOWER(?) LIMIT ?[0m  [["username", "Flata"], ["LIMIT", 1]]
  ↳ app/controllers/users_controller.rb:12:in `create'
[active_model_serializers] Rendered ActiveModel::Serializer::Null with ActiveModel::Errors (301.37ms)
Completed 422 Unprocessable Entity in 357ms (Views: 304.8ms | ActiveRecord: 1.5ms | Allocations: 356538)


Started POST "/signup" for 127.0.0.1 at 2023-04-10 13:11:28 +0300
Processing by UsersController#create as */*
  Parameters: {"username"=>"Flata", "email"=>"flata@gmail.com", "password_digest"=>"[FILTERED]", "user"=>{"username"=>"Flata", "email"=>"flata@gmail.com", "password_digest"=>"[FILTERED]"}}
  [1m[36mTRANSACTION (0.1ms)[0m  [1m[36mbegin transaction[0m
  ↳ app/controllers/users_controller.rb:10:in `create'
  [1m[36mUser Exists? (0.5ms)[0m  [1m[34mSELECT 1 AS one FROM "users" WHERE LOWER("users"."username") = LOWER(?) LIMIT ?[0m  [["username", "Flata"], ["LIMIT", 1]]
  ↳ app/controllers/users_controller.rb:10:in `create'
  [1m[36mUser Create (0.6ms)[0m  [1m[32mINSERT INTO "users" ("username", "email", "password_digest", "created_at", "updated_at") VALUES (?, ?, ?, ?, ?)[0m  [["username", "Flata"], ["email", "flata@gmail.com"], ["password_digest", "[FILTERED]"], ["created_at", "2023-04-10 10:11:28.856385"], ["updated_at", "2023-04-10 10:11:28.856385"]]
  ↳ app/controllers/users_controller.rb:10:in `create'
  [1m[36mTRANSACTION (11.6ms)[0m  [1m[36mcommit transaction[0m
  ↳ app/controllers/users_controller.rb:10:in `create'
  [1m[36mUser Exists? (0.2ms)[0m  [1m[34mSELECT 1 AS one FROM "users" WHERE LOWER("users"."username") = LOWER(?) AND "users"."id" != ? LIMIT ?[0m  [["username", "Flata"], ["id", 1], ["LIMIT", 1]]
  ↳ app/controllers/users_controller.rb:12:in `create'
[active_model_serializers] Rendered UserSerializer with ActiveModelSerializers::Adapter::Attributes (0.61ms)
Completed 201 Created in 88ms (Views: 56.8ms | ActiveRecord: 13.1ms | Allocations: 5340)


Started POST "/signup" for 127.0.0.1 at 2023-04-10 14:08:01 +0300
Processing by UsersController#create as */*
  Parameters: {"username"=>"Abdi", "email"=>"abdi@gmail.com", "password"=>"[FILTERED]", "user"=>{"username"=>"Abdi", "email"=>"abdi@gmail.com"}}
  [1m[36mTRANSACTION (0.1ms)[0m  [1m[36mbegin transaction[0m
  ↳ app/controllers/users_controller.rb:6:in `create'
  [1m[36mUser Exists? (0.6ms)[0m  [1m[34mSELECT 1 AS one FROM "users" WHERE LOWER("users"."username") = LOWER(?) LIMIT ?[0m  [["username", "Abdi"], ["LIMIT", 1]]
  ↳ app/controllers/users_controller.rb:6:in `create'
  [1m[36mTRANSACTION (0.3ms)[0m  [1m[31mrollback transaction[0m
  ↳ app/controllers/users_controller.rb:6:in `create'
  [1m[36mUser Exists? (0.3ms)[0m  [1m[34mSELECT 1 AS one FROM "users" WHERE LOWER("users"."username") = LOWER(?) LIMIT ?[0m  [["username", "Abdi"], ["LIMIT", 1]]
  ↳ app/controllers/users_controller.rb:8:in `create'
[active_model_serializers] Rendered ActiveModel::Serializer::Null with ActiveModel::Errors (0.81ms)
Completed 422 Unprocessable Entity in 14ms (Views: 1.8ms | ActiveRecord: 1.6ms | Allocations: 4369)


Started POST "/signup" for 127.0.0.1 at 2023-04-10 14:08:51 +0300
Processing by UsersController#create as */*
  Parameters: {"username"=>"Abdi", "email"=>"abdi@gmail.com", "password"=>"[FILTERED]", "user"=>{"username"=>"Abdi", "email"=>"abdi@gmail.com"}}
  [1m[36mTRANSACTION (0.1ms)[0m  [1m[36mbegin transaction[0m
  ↳ app/controllers/users_controller.rb:6:in `create'
  [1m[36mUser Exists? (0.3ms)[0m  [1m[34mSELECT 1 AS one FROM "users" WHERE LOWER("users"."username") = LOWER(?) LIMIT ?[0m  [["username", "Abdi"], ["LIMIT", 1]]
  ↳ app/controllers/users_controller.rb:6:in `create'
  [1m[36mTRANSACTION (0.5ms)[0m  [1m[31mrollback transaction[0m
  ↳ app/controllers/users_controller.rb:6:in `create'
  [1m[36mUser Exists? (0.6ms)[0m  [1m[34mSELECT 1 AS one FROM "users" WHERE LOWER("users"."username") = LOWER(?) LIMIT ?[0m  [["username", "Abdi"], ["LIMIT", 1]]
  ↳ app/controllers/users_controller.rb:8:in `create'
[active_model_serializers] Rendered ActiveModel::Serializer::Null with ActiveModel::Errors (1.03ms)
Completed 422 Unprocessable Entity in 18ms (Views: 1.7ms | ActiveRecord: 1.5ms | Allocations: 2941)


  [1m[35m (14.6ms)[0m  [1m[35mCREATE TABLE "schema_migrations" ("version" varchar NOT NULL PRIMARY KEY)[0m
  [1m[35m (15.4ms)[0m  [1m[35mCREATE TABLE "ar_internal_metadata" ("key" varchar NOT NULL PRIMARY KEY, "value" varchar, "created_at" datetime(6) NOT NULL, "updated_at" datetime(6) NOT NULL)[0m
  [1m[36mActiveRecord::SchemaMigration Pluck (0.2ms)[0m  [1m[34mSELECT "schema_migrations"."version" FROM "schema_migrations" ORDER BY "schema_migrations"."version" ASC[0m
Migrating to CreateUsers (20230410085252)
  [1m[36mTRANSACTION (0.1ms)[0m  [1m[36mbegin transaction[0m
  [1m[35m (0.4ms)[0m  [1m[35mCREATE TABLE "users" ("id" integer PRIMARY KEY AUTOINCREMENT NOT NULL, "username" varchar, "email" varchar, "password_digest" varchar, "created_at" datetime(6) NOT NULL, "updated_at" datetime(6) NOT NULL)[0m
  [1m[36mActiveRecord::SchemaMigration Create (0.3ms)[0m  [1m[32mINSERT INTO "schema_migrations" ("version") VALUES (?)[0m  [["version", "20230410085252"]]
  [1m[36mTRANSACTION (13.7ms)[0m  [1m[36mcommit transaction[0m
  [1m[36mActiveRecord::InternalMetadata Load (0.3ms)[0m  [1m[34mSELECT "ar_internal_metadata".* FROM "ar_internal_metadata" WHERE "ar_internal_metadata"."key" = ? LIMIT ?[0m  [["key", "environment"], ["LIMIT", 1]]
  [1m[36mTRANSACTION (0.1ms)[0m  [1m[36mbegin transaction[0m
  [1m[36mActiveRecord::InternalMetadata Create (0.4ms)[0m  [1m[32mINSERT INTO "ar_internal_metadata" ("key", "value", "created_at", "updated_at") VALUES (?, ?, ?, ?)[0m  [["key", "environment"], ["value", "development"], ["created_at", "2023-04-10 11:13:13.300348"], ["updated_at", "2023-04-10 11:13:13.300348"]]
  [1m[36mTRANSACTION (11.0ms)[0m  [1m[36mcommit transaction[0m
  [1m[36mActiveRecord::SchemaMigration Pluck (0.2ms)[0m  [1m[34mSELECT "schema_migrations"."version" FROM "schema_migrations" ORDER BY "schema_migrations"."version" ASC[0m
Started POST "/signup" for 127.0.0.1 at 2023-04-10 14:13:46 +0300
  [1m[36mActiveRecord::SchemaMigration Pluck (0.2ms)[0m  [1m[34mSELECT "schema_migrations"."version" FROM "schema_migrations" ORDER BY "schema_migrations"."version" ASC[0m
Processing by UsersController#create as */*
  Parameters: {"username"=>"Abdi", "email"=>"abdi@gmail.com", "password"=>"[FILTERED]", "user"=>{"username"=>"Abdi", "email"=>"abdi@gmail.com"}}
  [1m[36mTRANSACTION (0.1ms)[0m  [1m[36mbegin transaction[0m
  ↳ app/controllers/users_controller.rb:6:in `create'
  [1m[36mUser Exists? (0.3ms)[0m  [1m[34mSELECT 1 AS one FROM "users" WHERE LOWER("users"."username") = LOWER(?) LIMIT ?[0m  [["username", "Abdi"], ["LIMIT", 1]]
  ↳ app/controllers/users_controller.rb:6:in `create'
  [1m[36mTRANSACTION (0.1ms)[0m  [1m[31mrollback transaction[0m
  ↳ app/controllers/users_controller.rb:6:in `create'
  [1m[36mUser Exists? (0.5ms)[0m  [1m[34mSELECT 1 AS one FROM "users" WHERE LOWER("users"."username") = LOWER(?) LIMIT ?[0m  [["username", "Abdi"], ["LIMIT", 1]]
  ↳ app/controllers/users_controller.rb:8:in `create'
[active_model_serializers] Rendered ActiveModel::Serializer::Null with ActiveModel::Errors (260.32ms)
Completed 422 Unprocessable Entity in 315ms (Views: 263.9ms | ActiveRecord: 1.7ms | Allocations: 356561)


  [1m[35m (16.0ms)[0m  [1m[35mCREATE TABLE "schema_migrations" ("version" varchar NOT NULL PRIMARY KEY)[0m
  [1m[35m (15.7ms)[0m  [1m[35mCREATE TABLE "ar_internal_metadata" ("key" varchar NOT NULL PRIMARY KEY, "value" varchar, "created_at" datetime(6) NOT NULL, "updated_at" datetime(6) NOT NULL)[0m
  [1m[36mActiveRecord::SchemaMigration Pluck (0.3ms)[0m  [1m[34mSELECT "schema_migrations"."version" FROM "schema_migrations" ORDER BY "schema_migrations"."version" ASC[0m
Migrating to CreateUsers (20230410085252)
  [1m[36mTRANSACTION (0.1ms)[0m  [1m[36mbegin transaction[0m
  [1m[35m (0.6ms)[0m  [1m[35mCREATE TABLE "users" ("id" integer PRIMARY KEY AUTOINCREMENT NOT NULL, "username" varchar, "email" varchar, "password_digest" varchar, "created_at" datetime(6) NOT NULL, "updated_at" datetime(6) NOT NULL)[0m
  [1m[36mActiveRecord::SchemaMigration Create (0.3ms)[0m  [1m[32mINSERT INTO "schema_migrations" ("version") VALUES (?)[0m  [["version", "20230410085252"]]
  [1m[36mTRANSACTION (14.0ms)[0m  [1m[36mcommit transaction[0m
  [1m[36mActiveRecord::InternalMetadata Load (0.2ms)[0m  [1m[34mSELECT "ar_internal_metadata".* FROM "ar_internal_metadata" WHERE "ar_internal_metadata"."key" = ? LIMIT ?[0m  [["key", "environment"], ["LIMIT", 1]]
  [1m[36mTRANSACTION (0.1ms)[0m  [1m[36mbegin transaction[0m
  [1m[36mActiveRecord::InternalMetadata Create (0.3ms)[0m  [1m[32mINSERT INTO "ar_internal_metadata" ("key", "value", "created_at", "updated_at") VALUES (?, ?, ?, ?)[0m  [["key", "environment"], ["value", "development"], ["created_at", "2023-04-10 11:17:15.315947"], ["updated_at", "2023-04-10 11:17:15.315947"]]
  [1m[36mTRANSACTION (16.9ms)[0m  [1m[36mcommit transaction[0m
  [1m[36mActiveRecord::SchemaMigration Pluck (0.2ms)[0m  [1m[34mSELECT "schema_migrations"."version" FROM "schema_migrations" ORDER BY "schema_migrations"."version" ASC[0m
Started POST "/signup" for 127.0.0.1 at 2023-04-10 14:17:49 +0300
  [1m[36mActiveRecord::SchemaMigration Pluck (0.1ms)[0m  [1m[34mSELECT "schema_migrations"."version" FROM "schema_migrations" ORDER BY "schema_migrations"."version" ASC[0m
Processing by UsersController#create as */*
  Parameters: {"username"=>"Abdi", "email"=>"abdi@gmail.com", "password"=>"[FILTERED]", "user"=>{"username"=>"Abdi", "email"=>"abdi@gmail.com"}}
  [1m[36mTRANSACTION (0.9ms)[0m  [1m[36mbegin transaction[0m
  ↳ app/controllers/users_controller.rb:6:in `create'
  [1m[36mUser Exists? (0.2ms)[0m  [1m[34mSELECT 1 AS one FROM "users" WHERE LOWER("users"."username") = LOWER(?) LIMIT ?[0m  [["username", "Abdi"], ["LIMIT", 1]]
  ↳ app/controllers/users_controller.rb:6:in `create'
  [1m[36mTRANSACTION (0.1ms)[0m  [1m[31mrollback transaction[0m
  ↳ app/controllers/users_controller.rb:6:in `create'
  [1m[36mUser Exists? (0.3ms)[0m  [1m[34mSELECT 1 AS one FROM "users" WHERE LOWER("users"."username") = LOWER(?) LIMIT ?[0m  [["username", "Abdi"], ["LIMIT", 1]]
  ↳ app/controllers/users_controller.rb:8:in `create'
[active_model_serializers] Rendered ActiveModel::Serializer::Null with ActiveModel::Errors (252.54ms)
Completed 422 Unprocessable Entity in 307ms (Views: 255.7ms | ActiveRecord: 3.9ms | Allocations: 356560)


Started POST "/signup" for 127.0.0.1 at 2023-04-10 14:23:30 +0300
Processing by UsersController#create as */*
  Parameters: {"username"=>"Abdi", "email"=>"abdi@gmail.com", "password"=>"[FILTERED]", "user"=>{"username"=>"Abdi", "email"=>"abdi@gmail.com"}}
  [1m[36mTRANSACTION (0.1ms)[0m  [1m[36mbegin transaction[0m
  ↳ app/controllers/users_controller.rb:6:in `create'
  [1m[36mUser Exists? (0.5ms)[0m  [1m[34mSELECT 1 AS one FROM "users" WHERE LOWER("users"."username") = LOWER(?) LIMIT ?[0m  [["username", "Abdi"], ["LIMIT", 1]]
  ↳ app/controllers/users_controller.rb:6:in `create'
  [1m[36mTRANSACTION (0.1ms)[0m  [1m[31mrollback transaction[0m
  ↳ app/controllers/users_controller.rb:6:in `create'
  [1m[36mUser Exists? (0.3ms)[0m  [1m[34mSELECT 1 AS one FROM "users" WHERE LOWER("users"."username") = LOWER(?) LIMIT ?[0m  [["username", "Abdi"], ["LIMIT", 1]]
  ↳ app/controllers/users_controller.rb:8:in `create'
[active_model_serializers] Rendered ActiveModel::Serializer::Null with ActiveModel::Errors (31.45ms)
Completed 422 Unprocessable Entity in 44ms (Views: 32.3ms | ActiveRecord: 0.9ms | Allocations: 2944)


Started POST "/signup" for 127.0.0.1 at 2023-04-10 14:24:09 +0300
Processing by UsersController#create as */*
  Parameters: {"username"=>"Abdi", "email"=>"abdi@gmail.com", "password"=>"[FILTERED]", "user"=>{"username"=>"Abdi", "email"=>"abdi@gmail.com"}}
[active_model_serializers] Rendered ActiveModel::Serializer::Null with ActiveModel::Errors (1.28ms)
Completed 422 Unprocessable Entity in 9ms (Views: 2.3ms | ActiveRecord: 1.1ms | Allocations: 2219)


Started POST "/signup" for 127.0.0.1 at 2023-04-10 14:24:44 +0300
Processing by UsersController#create as */*
  Parameters: {"username"=>"Abdi", "email"=>"abdi@gmail.com", "password"=>"[FILTERED]", "user"=>{"username"=>"Abdi", "email"=>"abdi@gmail.com"}}
Completed 500 Internal Server Error in 4ms (ActiveRecord: 1.6ms | Allocations: 1714)


  
ArgumentError (wrong number of arguments (given 0, expected 2)):
  
app/controllers/users_controller.rb:12:in `create'
Started POST "/signup" for 127.0.0.1 at 2023-04-10 14:26:19 +0300
Processing by UsersController#create as */*
  Parameters: {"username"=>"Abdi", "email"=>"abdi@gmail.com", "password"=>"[FILTERED]", "user"=>{"username"=>"Abdi", "email"=>"abdi@gmail.com"}}
Completed 500 Internal Server Error in 6ms (ActiveRecord: 1.1ms | Allocations: 1710)


  
ArgumentError (wrong number of arguments (given 0, expected 2)):
  
app/controllers/users_controller.rb:12:in `create'
Started POST "/signup" for 127.0.0.1 at 2023-04-10 14:26:51 +0300
Processing by UsersController#create as */*
  Parameters: {"username"=>"Abdi", "email"=>"abdi@gmail.com", "password_digest"=>"[FILTERED]", "user"=>{"username"=>"Abdi", "email"=>"abdi@gmail.com", "password_digest"=>"[FILTERED]"}}
[31mUnpermitted parameter: :password_digest. Context: { controller: UsersController, action: create, request: #<ActionDispatch::Request:0x00007f740d801a78>, params: {"username"=>"Abdi", "email"=>"abdi@gmail.com", "password_digest"=>"[FILTERED]", "controller"=>"users", "action"=>"create", "user"=>{"username"=>"Abdi", "email"=>"abdi@gmail.com", "password_digest"=>"[FILTERED]"}} }[0m
Completed 500 Internal Server Error in 2ms (ActiveRecord: 0.0ms | Allocations: 435)


  
ArgumentError (wrong number of arguments (given 0, expected 2)):
  
app/controllers/users_controller.rb:12:in `create'
Started POST "/signup" for 127.0.0.1 at 2023-04-10 14:27:33 +0300
Processing by UsersController#create as */*
  Parameters: {"username"=>"Abdi", "email"=>"abdi@gmail.com", "password"=>"[FILTERED]", "user"=>{"username"=>"Abdi", "email"=>"abdi@gmail.com"}}
Completed 500 Internal Server Error in 2ms (ActiveRecord: 0.0ms | Allocations: 337)


  
ArgumentError (wrong number of arguments (given 0, expected 2)):
  
app/controllers/users_controller.rb:12:in `create'
Started POST "/signup" for 127.0.0.1 at 2023-04-10 14:29:36 +0300
Processing by UsersController#create as */*
  Parameters: {"username"=>"Abdi", "email"=>"abdi@gmail.com", "password"=>"[FILTERED]", "user"=>{"username"=>"Abdi", "email"=>"abdi@gmail.com"}}
[active_model_serializers] Rendered ActiveModel::Serializer::Null with Hash (0.08ms)
Completed 422 Unprocessable Entity in 7ms (Views: 0.8ms | ActiveRecord: 2.3ms | Allocations: 1878)


Started POST "/signup" for 127.0.0.1 at 2023-04-10 14:30:22 +0300
Processing by UsersController#create as */*
  Parameters: {"username"=>"Abdi", "email"=>"abdi@gmail.com", "password"=>"[FILTERED]", "user"=>{"username"=>"Abdi", "email"=>"abdi@gmail.com"}}
[31mUnpermitted parameter: :user. Context: { controller: UsersController, action: create, request: #<ActionDispatch::Request:0x00007f7400190b10>, params: {"username"=>"Abdi", "email"=>"abdi@gmail.com", "password"=>"[FILTERED]", "controller"=>"users", "action"=>"create", "user"=>{"username"=>"Abdi", "email"=>"abdi@gmail.com"}} }[0m
  [1m[36mTRANSACTION (0.2ms)[0m  [1m[36mbegin transaction[0m
  ↳ app/controllers/users_controller.rb:6:in `create'
  [1m[36mUser Create (0.7ms)[0m  [1m[32mINSERT INTO "users" ("username", "email", "password_digest", "created_at", "updated_at") VALUES (?, ?, ?, ?, ?)[0m  [["username", "Abdi"], ["email", "abdi@gmail.com"], ["password_digest", "[FILTERED]"], ["created_at", "2023-04-10 11:30:22.891024"], ["updated_at", "2023-04-10 11:30:22.891024"]]
  ↳ app/controllers/users_controller.rb:6:in `create'
  [1m[36mTRANSACTION (11.7ms)[0m  [1m[36mcommit transaction[0m
  ↳ app/controllers/users_controller.rb:6:in `create'
[active_model_serializers] Rendered UserSerializer with ActiveModelSerializers::Adapter::Attributes (0.32ms)
Completed 201 Created in 337ms (Views: 4.7ms | ActiveRecord: 14.9ms | Allocations: 4723)


Started POST "/signup" for 127.0.0.1 at 2023-04-10 14:33:18 +0300
Processing by UsersController#create as */*
  Parameters: {"username"=>"Abdi", "email"=>"abdi@gmail.com", "password"=>"[FILTERED]", "user"=>{"username"=>"Abdi", "email"=>"abdi@gmail.com"}}
[31mUnpermitted parameter: :user. Context: { controller: UsersController, action: create, request: #<ActionDispatch::Request:0x00007f73f81e75f8>, params: {"username"=>"Abdi", "email"=>"abdi@gmail.com", "password"=>"[FILTERED]", "controller"=>"users", "action"=>"create", "user"=>{"username"=>"Abdi", "email"=>"abdi@gmail.com"}} }[0m
  [1m[36mTRANSACTION (0.1ms)[0m  [1m[36mbegin transaction[0m
  ↳ app/controllers/users_controller.rb:6:in `create'
  [1m[36mUser Exists? (0.3ms)[0m  [1m[34mSELECT 1 AS one FROM "users" WHERE LOWER("users"."username") = LOWER(?) LIMIT ?[0m  [["username", "Abdi"], ["LIMIT", 1]]
  ↳ app/controllers/users_controller.rb:6:in `create'
  [1m[36mTRANSACTION (0.1ms)[0m  [1m[31mrollback transaction[0m
  ↳ app/controllers/users_controller.rb:6:in `create'
  [1m[36mUser Exists? (0.3ms)[0m  [1m[34mSELECT 1 AS one FROM "users" WHERE LOWER("users"."username") = LOWER(?) LIMIT ?[0m  [["username", "Abdi"], ["LIMIT", 1]]
  ↳ app/controllers/users_controller.rb:8:in `create'
[active_model_serializers] Rendered ActiveModel::Serializer::Null with Hash (0.1ms)
Completed 422 Unprocessable Entity in 311ms (Views: 1.1ms | ActiveRecord: 2.3ms | Allocations: 4290)


Started POST "/signup" for 127.0.0.1 at 2023-04-10 14:34:05 +0300
  
SyntaxError (/home/abdiaziz/Development/code/phase-5/proj/app/controllers/users_controller.rb:12: syntax error, unexpected '}', expecting =>
...  render json: { @user.errors }, status: :unprocessable_enti...
...                              ^
):
  
app/controllers/users_controller.rb:12: syntax error, unexpected '}', expecting =>
app/controllers/users_controller.rb:12: syntax error, unexpected '}', expecting =>
Started POST "/signup" for 127.0.0.1 at 2023-04-10 14:34:24 +0300
Processing by UsersController#create as */*
  Parameters: {"username"=>"Abdi", "email"=>"abdi@gmail.com", "password"=>"[FILTERED]", "user"=>{"username"=>"Abdi", "email"=>"abdi@gmail.com"}}
[31mUnpermitted parameter: :user. Context: { controller: UsersController, action: create, request: #<ActionDispatch::Request:0x00007f7404370a08>, params: {"username"=>"Abdi", "email"=>"abdi@gmail.com", "password"=>"[FILTERED]", "controller"=>"users", "action"=>"create", "user"=>{"username"=>"Abdi", "email"=>"abdi@gmail.com"}} }[0m
  [1m[36mTRANSACTION (0.1ms)[0m  [1m[36mbegin transaction[0m
  ↳ app/controllers/users_controller.rb:6:in `create'
  [1m[36mUser Exists? (0.3ms)[0m  [1m[34mSELECT 1 AS one FROM "users" WHERE LOWER("users"."username") = LOWER(?) LIMIT ?[0m  [["username", "Abdi"], ["LIMIT", 1]]
  ↳ app/controllers/users_controller.rb:6:in `create'
  [1m[36mTRANSACTION (0.2ms)[0m  [1m[31mrollback transaction[0m
  ↳ app/controllers/users_controller.rb:6:in `create'
  [1m[36mUser Exists? (0.3ms)[0m  [1m[34mSELECT 1 AS one FROM "users" WHERE LOWER("users"."username") = LOWER(?) LIMIT ?[0m  [["username", "Abdi"], ["LIMIT", 1]]
  ↳ app/controllers/users_controller.rb:8:in `create'
[active_model_serializers] Rendered ActiveModel::Serializer::Null with ActiveModel::Errors (1.42ms)
Completed 422 Unprocessable Entity in 330ms (Views: 2.4ms | ActiveRecord: 3.3ms | Allocations: 4656)


Started POST "/signup" for 127.0.0.1 at 2023-04-10 14:38:49 +0300
Processing by UsersController#create as */*
  Parameters: {"username"=>"Flata", "email"=>"flata@gmail.com", "password"=>"[FILTERED]", "user"=>{"username"=>"Flata", "email"=>"flata@gmail.com"}}
[31mUnpermitted parameter: :user. Context: { controller: UsersController, action: create, request: #<ActionDispatch::Request:0x00007f740828a810>, params: {"username"=>"Flata", "email"=>"flata@gmail.com", "password"=>"[FILTERED]", "controller"=>"users", "action"=>"create", "user"=>{"username"=>"Flata", "email"=>"flata@gmail.com"}} }[0m
  [1m[36mTRANSACTION (0.1ms)[0m  [1m[36mbegin transaction[0m
  ↳ app/controllers/users_controller.rb:6:in `create'
  [1m[36mUser Exists? (0.2ms)[0m  [1m[34mSELECT 1 AS one FROM "users" WHERE LOWER("users"."username") = LOWER(?) LIMIT ?[0m  [["username", "Flata"], ["LIMIT", 1]]
  ↳ app/controllers/users_controller.rb:6:in `create'
  [1m[36mUser Create (0.3ms)[0m  [1m[32mINSERT INTO "users" ("username", "email", "password_digest", "created_at", "updated_at") VALUES (?, ?, ?, ?, ?)[0m  [["username", "Flata"], ["email", "flata@gmail.com"], ["password_digest", "[FILTERED]"], ["created_at", "2023-04-10 11:38:50.140933"], ["updated_at", "2023-04-10 11:38:50.140933"]]
  ↳ app/controllers/users_controller.rb:6:in `create'
  [1m[36mTRANSACTION (11.6ms)[0m  [1m[36mcommit transaction[0m
  ↳ app/controllers/users_controller.rb:6:in `create'
  [1m[36mUser Exists? (0.4ms)[0m  [1m[34mSELECT 1 AS one FROM "users" WHERE LOWER("users"."username") = LOWER(?) AND "users"."id" != ? LIMIT ?[0m  [["username", "Flata"], ["id", 2], ["LIMIT", 1]]
  ↳ app/controllers/users_controller.rb:8:in `create'
[active_model_serializers] Rendered ActiveModel::Serializer::Null with Hash (0.26ms)
Completed 201 Created in 322ms (Views: 0.9ms | ActiveRecord: 12.5ms | Allocations: 3518)


Started POST "/signup" for 127.0.0.1 at 2023-04-10 14:40:27 +0300
Processing by UsersController#create as */*
  Parameters: {"username"=>"Flata", "email"=>"flata@gmail.com", "password"=>"[FILTERED]", "user"=>{"username"=>"Flata", "email"=>"flata@gmail.com"}}
[31mUnpermitted parameter: :user. Context: { controller: UsersController, action: create, request: #<ActionDispatch::Request:0x00007f74005ef440>, params: {"username"=>"Flata", "email"=>"flata@gmail.com", "password"=>"[FILTERED]", "controller"=>"users", "action"=>"create", "user"=>{"username"=>"Flata", "email"=>"flata@gmail.com"}} }[0m
  [1m[36mTRANSACTION (0.1ms)[0m  [1m[36mbegin transaction[0m
  ↳ app/controllers/users_controller.rb:6:in `create'
  [1m[36mUser Exists? (0.2ms)[0m  [1m[34mSELECT 1 AS one FROM "users" WHERE LOWER("users"."username") = LOWER(?) LIMIT ?[0m  [["username", "Flata"], ["LIMIT", 1]]
  ↳ app/controllers/users_controller.rb:6:in `create'
  [1m[36mTRANSACTION (0.1ms)[0m  [1m[31mrollback transaction[0m
  ↳ app/controllers/users_controller.rb:6:in `create'
  [1m[36mUser Exists? (0.6ms)[0m  [1m[34mSELECT 1 AS one FROM "users" WHERE LOWER("users"."username") = LOWER(?) LIMIT ?[0m  [["username", "Flata"], ["LIMIT", 1]]
  ↳ app/controllers/users_controller.rb:8:in `create'
[active_model_serializers] Rendered ActiveModel::Serializer::Null with ActiveModel::Errors (1.24ms)
Completed 422 Unprocessable Entity in 307ms (Views: 2.5ms | ActiveRecord: 3.1ms | Allocations: 4586)


Started POST "/signup" for 127.0.0.1 at 2023-04-10 14:40:55 +0300
Processing by UsersController#create as */*
  Parameters: {"username"=>"Goat", "email"=>"goat@gmail.com", "password"=>"[FILTERED]", "user"=>{"username"=>"Goat", "email"=>"goat@gmail.com"}}
[31mUnpermitted parameter: :user. Context: { controller: UsersController, action: create, request: #<ActionDispatch::Request:0x00007f73f813c040>, params: {"username"=>"Goat", "email"=>"goat@gmail.com", "password"=>"[FILTERED]", "controller"=>"users", "action"=>"create", "user"=>{"username"=>"Goat", "email"=>"goat@gmail.com"}} }[0m
  [1m[36mTRANSACTION (0.1ms)[0m  [1m[36mbegin transaction[0m
  ↳ app/controllers/users_controller.rb:6:in `create'
  [1m[36mUser Exists? (0.3ms)[0m  [1m[34mSELECT 1 AS one FROM "users" WHERE LOWER("users"."username") = LOWER(?) LIMIT ?[0m  [["username", "Goat"], ["LIMIT", 1]]
  ↳ app/controllers/users_controller.rb:6:in `create'
  [1m[36mUser Create (0.8ms)[0m  [1m[32mINSERT INTO "users" ("username", "email", "password_digest", "created_at", "updated_at") VALUES (?, ?, ?, ?, ?)[0m  [["username", "Goat"], ["email", "goat@gmail.com"], ["password_digest", "[FILTERED]"], ["created_at", "2023-04-10 11:40:55.500876"], ["updated_at", "2023-04-10 11:40:55.500876"]]
  ↳ app/controllers/users_controller.rb:6:in `create'
  [1m[36mTRANSACTION (11.4ms)[0m  [1m[36mcommit transaction[0m
  ↳ app/controllers/users_controller.rb:6:in `create'
  [1m[36mUser Exists? (0.6ms)[0m  [1m[34mSELECT 1 AS one FROM "users" WHERE LOWER("users"."username") = LOWER(?) AND "users"."id" != ? LIMIT ?[0m  [["username", "Goat"], ["id", 3], ["LIMIT", 1]]
  ↳ app/controllers/users_controller.rb:8:in `create'
[active_model_serializers] Rendered ActiveModel::Serializer::Null with Hash (0.15ms)
Completed 201 Created in 329ms (Views: 0.7ms | ActiveRecord: 13.2ms | Allocations: 3594)


Started GET "/ws" for ::1 at 2023-04-11 00:27:23 +0300
  [1m[36mActiveRecord::SchemaMigration Pluck (0.3ms)[0m  [1m[34mSELECT "schema_migrations"."version" FROM "schema_migrations" ORDER BY "schema_migrations"."version" ASC[0m
  
ActionController::RoutingError (No route matches [GET] "/ws"):
  
Started GET "/ws" for ::1 at 2023-04-11 00:27:55 +0300
  
ActionController::RoutingError (No route matches [GET] "/ws"):
  
Started GET "/ws" for ::1 at 2023-04-11 00:28:59 +0300
  
ActionController::RoutingError (No route matches [GET] "/ws"):
  
Started POST "/login" for 127.0.0.1 at 2023-04-11 00:31:14 +0300
Processing by AuthController#create as */*
  Parameters: {"username"=>"Flata", "password"=>"[FILTERED]", "auth"=>{"username"=>"Flata", "password"=>"[FILTERED]"}}
Completed 400 Bad Request in 3ms (ActiveRecord: 0.0ms | Allocations: 662)


  
ActionController::ParameterMissing (param is missing or the value is empty: user):
  
app/controllers/auth_controller.rb:20:in `user_login_params'
app/controllers/auth_controller.rb:5:in `create'
Started POST "/signup" for 127.0.0.1 at 2023-04-11 00:31:58 +0300
Processing by UsersController#create as */*
  Parameters: {"username"=>"yeye", "email"=>"yeye@gmail.com", "password"=>"[FILTERED]", "user"=>{"username"=>"yeye", "email"=>"yeye@gmail.com"}}
[31mUnpermitted parameter: :user. Context: { controller: UsersController, action: create, request: #<ActionDispatch::Request:0x00007fa618343eb8>, params: {"username"=>"yeye", "email"=>"yeye@gmail.com", "password"=>"[FILTERED]", "controller"=>"users", "action"=>"create", "user"=>{"username"=>"yeye", "email"=>"yeye@gmail.com"}} }[0m
  [1m[36mTRANSACTION (0.1ms)[0m  [1m[36mbegin transaction[0m
  ↳ app/controllers/users_controller.rb:6:in `create'
  [1m[36mUser Exists? (0.2ms)[0m  [1m[34mSELECT 1 AS one FROM "users" WHERE LOWER("users"."username") = LOWER(?) LIMIT ?[0m  [["username", "yeye"], ["LIMIT", 1]]
  ↳ app/controllers/users_controller.rb:6:in `create'
  [1m[36mUser Create (0.4ms)[0m  [1m[32mINSERT INTO "users" ("username", "email", "password_digest", "created_at", "updated_at") VALUES (?, ?, ?, ?, ?)[0m  [["username", "yeye"], ["email", "yeye@gmail.com"], ["password_digest", "[FILTERED]"], ["created_at", "2023-04-10 21:31:58.920276"], ["updated_at", "2023-04-10 21:31:58.920276"]]
  ↳ app/controllers/users_controller.rb:6:in `create'
  [1m[36mTRANSACTION (11.0ms)[0m  [1m[36mcommit transaction[0m
  ↳ app/controllers/users_controller.rb:6:in `create'
  [1m[36mUser Exists? (0.3ms)[0m  [1m[34mSELECT 1 AS one FROM "users" WHERE LOWER("users"."username") = LOWER(?) AND "users"."id" != ? LIMIT ?[0m  [["username", "yeye"], ["id", 4], ["LIMIT", 1]]
  ↳ app/controllers/users_controller.rb:8:in `create'
[active_model_serializers] Rendered ActiveModel::Serializer::Null with Hash (4.26ms)
Completed 201 Created in 318ms (Views: 5.7ms | ActiveRecord: 14.2ms | Allocations: 9275)


Started POST "/login" for 127.0.0.1 at 2023-04-11 00:33:11 +0300
Processing by AuthController#create as */*
  Parameters: {"username"=>"yeye", "password"=>"[FILTERED]", "auth"=>{"username"=>"yeye", "password"=>"[FILTERED]"}}
Completed 400 Bad Request in 4ms (ActiveRecord: 0.0ms | Allocations: 163)


  
ActionController::ParameterMissing (param is missing or the value is empty: user):
  
app/controllers/auth_controller.rb:20:in `user_login_params'
app/controllers/auth_controller.rb:5:in `create'
Started POST "/login" for 127.0.0.1 at 2023-04-11 00:35:34 +0300
Processing by AuthController#create as */*
  Parameters: {"username"=>"yeye", "password"=>"[FILTERED]", "auth"=>{"username"=>"yeye", "password"=>"[FILTERED]"}}
Completed 400 Bad Request in 2ms (Allocations: 579)


  
ActionController::ParameterMissing (param is missing or the value is empty: user):
  
app/controllers/auth_controller.rb:20:in `user_login_params'
app/controllers/auth_controller.rb:5:in `create'
Started POST "/login" for 127.0.0.1 at 2023-04-11 00:36:11 +0300
Processing by AuthController#create as */*
  Parameters: {"username"=>"yeye", "password"=>"[FILTERED]", "auth"=>{"username"=>"yeye", "password"=>"[FILTERED]"}}
[31mUnpermitted parameter: :auth. Context: { controller: AuthController, action: create, request: #<ActionDispatch::Request:0x00007fa6144459c8>, params: {"username"=>"yeye", "password"=>"[FILTERED]", "controller"=>"auth", "action"=>"create", "auth"=>{"username"=>"yeye", "password"=>"[FILTERED]"}} }[0m
  [1m[36mUser Load (0.5ms)[0m  [1m[34mSELECT "users".* FROM "users" WHERE "users"."username" = ? LIMIT ?[0m  [["username", "yeye"], ["LIMIT", 1]]
  ↳ app/controllers/auth_controller.rb:5:in `create'
[31mUnpermitted parameter: :auth. Context: { controller: AuthController, action: create, request: #<ActionDispatch::Request:0x00007fa6144459c8>, params: {"username"=>"yeye", "password"=>"[FILTERED]", "controller"=>"auth", "action"=>"create", "auth"=>{"username"=>"yeye", "password"=>"[FILTERED]"}} }[0m
[active_model_serializers] Rendered ActiveModel::Serializer::Null with Hash (0.24ms)
Completed 202 Accepted in 324ms (Views: 1.2ms | ActiveRecord: 1.9ms | Allocations: 3604)


Started POST "/login" for 127.0.0.1 at 2023-04-11 00:37:03 +0300
Processing by AuthController#create as */*
  Parameters: {"username"=>"yeye", "password"=>"[FILTERED]", "auth"=>{"username"=>"yeye", "password"=>"[FILTERED]"}}
[31mUnpermitted parameter: :auth. Context: { controller: AuthController, action: create, request: #<ActionDispatch::Request:0x00007fa6181b7c98>, params: {"username"=>"yeye", "password"=>"[FILTERED]", "controller"=>"auth", "action"=>"create", "auth"=>{"username"=>"yeye", "password"=>"[FILTERED]"}} }[0m
  [1m[36mUser Load (0.7ms)[0m  [1m[34mSELECT "users".* FROM "users" WHERE "users"."username" = ? LIMIT ?[0m  [["username", "yeye"], ["LIMIT", 1]]
  ↳ app/controllers/auth_controller.rb:5:in `create'
[31mUnpermitted parameter: :auth. Context: { controller: AuthController, action: create, request: #<ActionDispatch::Request:0x00007fa6181b7c98>, params: {"username"=>"yeye", "password"=>"[FILTERED]", "controller"=>"auth", "action"=>"create", "auth"=>{"username"=>"yeye", "password"=>"[FILTERED]"}} }[0m
[active_model_serializers] Rendered ActiveModel::Serializer::Null with Hash (0.14ms)
Completed 202 Accepted in 306ms (Views: 0.7ms | ActiveRecord: 0.7ms | Allocations: 958)


Started POST "/login" for 127.0.0.1 at 2023-04-11 01:48:20 +0300
Processing by AuthController#create as */*
  Parameters: {"username"=>"Flata", "password"=>"[FILTERED]", "auth"=>{"username"=>"Flata", "password"=>"[FILTERED]"}}
[31mUnpermitted parameter: :auth. Context: { controller: AuthController, action: create, request: #<ActionDispatch::Request:0x00007fa6140faa20>, params: {"username"=>"Flata", "password"=>"[FILTERED]", "controller"=>"auth", "action"=>"create", "auth"=>{"username"=>"Flata", "password"=>"[FILTERED]"}} }[0m
  [1m[36mUser Load (0.4ms)[0m  [1m[34mSELECT "users".* FROM "users" WHERE "users"."username" = ? LIMIT ?[0m  [["username", "Flata"], ["LIMIT", 1]]
  ↳ app/controllers/auth_controller.rb:5:in `create'
[31mUnpermitted parameter: :auth. Context: { controller: AuthController, action: create, request: #<ActionDispatch::Request:0x00007fa6140faa20>, params: {"username"=>"Flata", "password"=>"[FILTERED]", "controller"=>"auth", "action"=>"create", "auth"=>{"username"=>"Flata", "password"=>"[FILTERED]"}} }[0m
[active_model_serializers] Rendered ActiveModel::Serializer::Null with Hash (0.13ms)
Completed 202 Accepted in 306ms (Views: 0.7ms | ActiveRecord: 3.1ms | Allocations: 3152)


Started GET "/profile" for 127.0.0.1 at 2023-04-11 01:52:44 +0300
Processing by UsersController#profile as */*
  [1m[36mUser Load (0.2ms)[0m  [1m[34mSELECT "users".* FROM "users" WHERE "users"."id" = ? LIMIT ?[0m  [["id", 2], ["LIMIT", 1]]
  ↳ app/controllers/application_controller.rb:29:in `current_user'
  [1m[36mCACHE User Load (0.0ms)[0m  [1m[34mSELECT "users".* FROM "users" WHERE "users"."id" = ? LIMIT ?[0m  [["id", 2], ["LIMIT", 1]]
  ↳ app/controllers/application_controller.rb:29:in `current_user'
Completed 500 Internal Server Error in 20ms (ActiveRecord: 0.2ms | Allocations: 1450)


  
ArgumentError (You are passing an instance of ActiveRecord::Base to `find`. Please pass the id of the object by calling `.id`.):
  
app/controllers/users_controller.rb:17:in `profile'
Started GET "/profile" for 127.0.0.1 at 2023-04-11 01:52:44 +0300
Processing by UsersController#profile as */*
  [1m[36mUser Load (0.2ms)[0m  [1m[34mSELECT "users".* FROM "users" WHERE "users"."id" = ? LIMIT ?[0m  [["id", 2], ["LIMIT", 1]]
  ↳ app/controllers/application_controller.rb:29:in `current_user'
  [1m[36mCACHE User Load (0.0ms)[0m  [1m[34mSELECT "users".* FROM "users" WHERE "users"."id" = ? LIMIT ?[0m  [["id", 2], ["LIMIT", 1]]
  ↳ app/controllers/application_controller.rb:29:in `current_user'
Completed 500 Internal Server Error in 6ms (ActiveRecord: 0.2ms | Allocations: 1283)


  
ArgumentError (You are passing an instance of ActiveRecord::Base to `find`. Please pass the id of the object by calling `.id`.):
  
app/controllers/users_controller.rb:17:in `profile'
Started GET "/profile" for 127.0.0.1 at 2023-04-11 01:55:29 +0300
Processing by UsersController#profile as */*
  [1m[36mUser Load (0.2ms)[0m  [1m[34mSELECT "users".* FROM "users" WHERE "users"."id" = ? LIMIT ?[0m  [["id", 2], ["LIMIT", 1]]
  ↳ app/controllers/application_controller.rb:29:in `current_user'
  [1m[36mUser Load (0.2ms)[0m  [1m[34mSELECT "users".* FROM "users" WHERE "users"."id" = ? LIMIT ?[0m  [["id", nil], ["LIMIT", 1]]
  ↳ app/controllers/users_controller.rb:17:in `profile'
Completed 404 Not Found in 12ms (ActiveRecord: 1.5ms | Allocations: 3742)


  
ActiveRecord::RecordNotFound (Couldn't find User with 'id'={:user_id=>#<User id: 2, username: "Flata", email: "flata@gmail.com", password_digest: [FILTERED], created_at: "2023-04-10 11:38:50.140933000 +0000", updated_at: "2023-04-10 11:38:50.140933000 +0000">}):
  
app/controllers/users_controller.rb:17:in `profile'
Started GET "/profile" for 127.0.0.1 at 2023-04-11 01:55:29 +0300
Processing by UsersController#profile as */*
  [1m[36mUser Load (0.2ms)[0m  [1m[34mSELECT "users".* FROM "users" WHERE "users"."id" = ? LIMIT ?[0m  [["id", 2], ["LIMIT", 1]]
  ↳ app/controllers/application_controller.rb:29:in `current_user'
  [1m[36mUser Load (0.2ms)[0m  [1m[34mSELECT "users".* FROM "users" WHERE "users"."id" = ? LIMIT ?[0m  [["id", nil], ["LIMIT", 1]]
  ↳ app/controllers/users_controller.rb:17:in `profile'
Completed 404 Not Found in 5ms (ActiveRecord: 0.4ms | Allocations: 1348)


  
ActiveRecord::RecordNotFound (Couldn't find User with 'id'={:user_id=>#<User id: 2, username: "Flata", email: "flata@gmail.com", password_digest: [FILTERED], created_at: "2023-04-10 11:38:50.140933000 +0000", updated_at: "2023-04-10 11:38:50.140933000 +0000">}):
  
app/controllers/users_controller.rb:17:in `profile'
Started GET "/profile" for 127.0.0.1 at 2023-04-11 01:57:09 +0300
Processing by UsersController#profile as */*
  [1m[36mUser Load (0.2ms)[0m  [1m[34mSELECT "users".* FROM "users" WHERE "users"."id" = ? LIMIT ?[0m  [["id", 2], ["LIMIT", 1]]
  ↳ app/controllers/application_controller.rb:29:in `current_user'
  [1m[36mCACHE User Load (0.0ms)[0m  [1m[34mSELECT "users".* FROM "users" WHERE "users"."id" = ? LIMIT ?[0m  [["id", 2], ["LIMIT", 1]]
  ↳ app/controllers/application_controller.rb:29:in `current_user'
  [1m[36mCACHE User Load (0.0ms)[0m  [1m[34mSELECT "users".* FROM "users" WHERE "users"."id" = ? LIMIT ?[0m  [["id", 2], ["LIMIT", 1]]
  ↳ app/controllers/application_controller.rb:29:in `current_user'
[active_model_serializers] Rendered ActiveModel::Serializer::Null with Hash (0.55ms)
Completed 202 Accepted in 18ms (Views: 5.3ms | ActiveRecord: 1.7ms | Allocations: 4539)


Started GET "/profile" for 127.0.0.1 at 2023-04-11 01:57:10 +0300
Processing by UsersController#profile as */*
  [1m[36mUser Load (0.2ms)[0m  [1m[34mSELECT "users".* FROM "users" WHERE "users"."id" = ? LIMIT ?[0m  [["id", 2], ["LIMIT", 1]]
  ↳ app/controllers/application_controller.rb:29:in `current_user'
  [1m[36mCACHE User Load (0.1ms)[0m  [1m[34mSELECT "users".* FROM "users" WHERE "users"."id" = ? LIMIT ?[0m  [["id", 2], ["LIMIT", 1]]
  ↳ app/controllers/application_controller.rb:29:in `current_user'
  [1m[36mCACHE User Load (0.1ms)[0m  [1m[34mSELECT "users".* FROM "users" WHERE "users"."id" = ? LIMIT ?[0m  [["id", 2], ["LIMIT", 1]]
  ↳ app/controllers/application_controller.rb:29:in `current_user'
[active_model_serializers] Rendered ActiveModel::Serializer::Null with Hash (0.22ms)
Completed 202 Accepted in 11ms (Views: 3.9ms | ActiveRecord: 0.4ms | Allocations: 1941)


Started GET "/profile" for 127.0.0.1 at 2023-04-11 01:57:17 +0300
Processing by UsersController#profile as */*
  [1m[36mUser Load (0.2ms)[0m  [1m[34mSELECT "users".* FROM "users" WHERE "users"."id" = ? LIMIT ?[0m  [["id", 2], ["LIMIT", 1]]
  ↳ app/controllers/application_controller.rb:29:in `current_user'
  [1m[36mCACHE User Load (0.0ms)[0m  [1m[34mSELECT "users".* FROM "users" WHERE "users"."id" = ? LIMIT ?[0m  [["id", 2], ["LIMIT", 1]]
  ↳ app/controllers/application_controller.rb:29:in `current_user'
  [1m[36mCACHE User Load (0.0ms)[0m  [1m[34mSELECT "users".* FROM "users" WHERE "users"."id" = ? LIMIT ?[0m  [["id", 2], ["LIMIT", 1]]
  ↳ app/controllers/application_controller.rb:29:in `current_user'
[active_model_serializers] Rendered ActiveModel::Serializer::Null with Hash (0.24ms)
Completed 202 Accepted in 10ms (Views: 3.8ms | ActiveRecord: 0.2ms | Allocations: 1942)


Started GET "/profile" for 127.0.0.1 at 2023-04-11 01:57:17 +0300
Processing by UsersController#profile as */*
  [1m[36mUser Load (0.2ms)[0m  [1m[34mSELECT "users".* FROM "users" WHERE "users"."id" = ? LIMIT ?[0m  [["id", 2], ["LIMIT", 1]]
  ↳ app/controllers/application_controller.rb:29:in `current_user'
  [1m[36mCACHE User Load (0.0ms)[0m  [1m[34mSELECT "users".* FROM "users" WHERE "users"."id" = ? LIMIT ?[0m  [["id", 2], ["LIMIT", 1]]
  ↳ app/controllers/application_controller.rb:29:in `current_user'
  [1m[36mCACHE User Load (0.0ms)[0m  [1m[34mSELECT "users".* FROM "users" WHERE "users"."id" = ? LIMIT ?[0m  [["id", 2], ["LIMIT", 1]]
  ↳ app/controllers/application_controller.rb:29:in `current_user'
[active_model_serializers] Rendered ActiveModel::Serializer::Null with Hash (0.24ms)
Completed 202 Accepted in 8ms (Views: 2.6ms | ActiveRecord: 0.3ms | Allocations: 1941)


Started GET "/profile" for 127.0.0.1 at 2023-04-11 01:57:22 +0300
Processing by UsersController#profile as */*
  [1m[36mUser Load (0.2ms)[0m  [1m[34mSELECT "users".* FROM "users" WHERE "users"."id" = ? LIMIT ?[0m  [["id", 2], ["LIMIT", 1]]
  ↳ app/controllers/application_controller.rb:29:in `current_user'
  [1m[36mCACHE User Load (0.0ms)[0m  [1m[34mSELECT "users".* FROM "users" WHERE "users"."id" = ? LIMIT ?[0m  [["id", 2], ["LIMIT", 1]]
  ↳ app/controllers/application_controller.rb:29:in `current_user'
  [1m[36mCACHE User Load (0.0ms)[0m  [1m[34mSELECT "users".* FROM "users" WHERE "users"."id" = ? LIMIT ?[0m  [["id", 2], ["LIMIT", 1]]
  ↳ app/controllers/application_controller.rb:29:in `current_user'
[active_model_serializers] Rendered ActiveModel::Serializer::Null with Hash (0.22ms)
Completed 202 Accepted in 7ms (Views: 2.3ms | ActiveRecord: 0.3ms | Allocations: 1941)


Started GET "/profile" for 127.0.0.1 at 2023-04-11 01:57:22 +0300
Processing by UsersController#profile as */*
  [1m[36mUser Load (0.2ms)[0m  [1m[34mSELECT "users".* FROM "users" WHERE "users"."id" = ? LIMIT ?[0m  [["id", 2], ["LIMIT", 1]]
  ↳ app/controllers/application_controller.rb:29:in `current_user'
  [1m[36mCACHE User Load (0.0ms)[0m  [1m[34mSELECT "users".* FROM "users" WHERE "users"."id" = ? LIMIT ?[0m  [["id", 2], ["LIMIT", 1]]
  ↳ app/controllers/application_controller.rb:29:in `current_user'
  [1m[36mCACHE User Load (0.0ms)[0m  [1m[34mSELECT "users".* FROM "users" WHERE "users"."id" = ? LIMIT ?[0m  [["id", 2], ["LIMIT", 1]]
  ↳ app/controllers/application_controller.rb:29:in `current_user'
[active_model_serializers] Rendered ActiveModel::Serializer::Null with Hash (0.16ms)
Completed 202 Accepted in 11ms (Views: 2.0ms | ActiveRecord: 0.3ms | Allocations: 1941)


Started GET "/profile" for 127.0.0.1 at 2023-04-11 01:57:24 +0300
Processing by UsersController#profile as */*
  [1m[36mUser Load (0.2ms)[0m  [1m[34mSELECT "users".* FROM "users" WHERE "users"."id" = ? LIMIT ?[0m  [["id", 2], ["LIMIT", 1]]
  ↳ app/controllers/application_controller.rb:29:in `current_user'
  [1m[36mCACHE User Load (0.0ms)[0m  [1m[34mSELECT "users".* FROM "users" WHERE "users"."id" = ? LIMIT ?[0m  [["id", 2], ["LIMIT", 1]]
  ↳ app/controllers/application_controller.rb:29:in `current_user'
  [1m[36mCACHE User Load (0.0ms)[0m  [1m[34mSELECT "users".* FROM "users" WHERE "users"."id" = ? LIMIT ?[0m  [["id", 2], ["LIMIT", 1]]
  ↳ app/controllers/application_controller.rb:29:in `current_user'
[active_model_serializers] Rendered ActiveModel::Serializer::Null with Hash (0.25ms)
Completed 202 Accepted in 15ms (Views: 7.0ms | ActiveRecord: 0.2ms | Allocations: 1942)


Started GET "/profile" for 127.0.0.1 at 2023-04-11 01:57:24 +0300
Processing by UsersController#profile as */*
  [1m[36mUser Load (0.1ms)[0m  [1m[34mSELECT "users".* FROM "users" WHERE "users"."id" = ? LIMIT ?[0m  [["id", 2], ["LIMIT", 1]]
  ↳ app/controllers/application_controller.rb:29:in `current_user'
  [1m[36mCACHE User Load (0.0ms)[0m  [1m[34mSELECT "users".* FROM "users" WHERE "users"."id" = ? LIMIT ?[0m  [["id", 2], ["LIMIT", 1]]
  ↳ app/controllers/application_controller.rb:29:in `current_user'
  [1m[36mCACHE User Load (0.0ms)[0m  [1m[34mSELECT "users".* FROM "users" WHERE "users"."id" = ? LIMIT ?[0m  [["id", 2], ["LIMIT", 1]]
  ↳ app/controllers/application_controller.rb:29:in `current_user'
[active_model_serializers] Rendered ActiveModel::Serializer::Null with Hash (0.14ms)
Completed 202 Accepted in 13ms (Views: 4.1ms | ActiveRecord: 0.2ms | Allocations: 1941)


Started GET "/profile" for 127.0.0.1 at 2023-04-11 01:57:35 +0300
Processing by UsersController#profile as */*
  [1m[36mUser Load (0.4ms)[0m  [1m[34mSELECT "users".* FROM "users" WHERE "users"."id" = ? LIMIT ?[0m  [["id", 2], ["LIMIT", 1]]
  ↳ app/controllers/application_controller.rb:29:in `current_user'
  [1m[36mCACHE User Load (0.1ms)[0m  [1m[34mSELECT "users".* FROM "users" WHERE "users"."id" = ? LIMIT ?[0m  [["id", 2], ["LIMIT", 1]]
  ↳ app/controllers/application_controller.rb:29:in `current_user'
  [1m[36mCACHE User Load (0.0ms)[0m  [1m[34mSELECT "users".* FROM "users" WHERE "users"."id" = ? LIMIT ?[0m  [["id", 2], ["LIMIT", 1]]
  ↳ app/controllers/application_controller.rb:29:in `current_user'
[active_model_serializers] Rendered ActiveModel::Serializer::Null with Hash (0.22ms)
Completed 202 Accepted in 21ms (Views: 8.0ms | ActiveRecord: 0.4ms | Allocations: 1942)


Started GET "/profile" for 127.0.0.1 at 2023-04-11 01:57:35 +0300
Processing by UsersController#profile as */*
  [1m[36mUser Load (0.2ms)[0m  [1m[34mSELECT "users".* FROM "users" WHERE "users"."id" = ? LIMIT ?[0m  [["id", 2], ["LIMIT", 1]]
  ↳ app/controllers/application_controller.rb:29:in `current_user'
  [1m[36mCACHE User Load (0.2ms)[0m  [1m[34mSELECT "users".* FROM "users" WHERE "users"."id" = ? LIMIT ?[0m  [["id", 2], ["LIMIT", 1]]
  ↳ app/controllers/application_controller.rb:29:in `current_user'
  [1m[36mCACHE User Load (0.1ms)[0m  [1m[34mSELECT "users".* FROM "users" WHERE "users"."id" = ? LIMIT ?[0m  [["id", 2], ["LIMIT", 1]]
  ↳ app/controllers/application_controller.rb:29:in `current_user'
[active_model_serializers] Rendered ActiveModel::Serializer::Null with Hash (0.25ms)
Completed 202 Accepted in 16ms (Views: 4.0ms | ActiveRecord: 0.5ms | Allocations: 1941)


Started GET "/profile" for 127.0.0.1 at 2023-04-11 01:58:20 +0300
Processing by UsersController#profile as */*
  [1m[36mUser Load (0.2ms)[0m  [1m[34mSELECT "users".* FROM "users" WHERE "users"."id" = ? LIMIT ?[0m  [["id", 2], ["LIMIT", 1]]
  ↳ app/controllers/application_controller.rb:29:in `current_user'
  [1m[36mCACHE User Load (0.1ms)[0m  [1m[34mSELECT "users".* FROM "users" WHERE "users"."id" = ? LIMIT ?[0m  [["id", 2], ["LIMIT", 1]]
  ↳ app/controllers/application_controller.rb:29:in `current_user'
  [1m[36mCACHE User Load (0.0ms)[0m  [1m[34mSELECT "users".* FROM "users" WHERE "users"."id" = ? LIMIT ?[0m  [["id", 2], ["LIMIT", 1]]
  ↳ app/controllers/application_controller.rb:29:in `current_user'
[active_model_serializers] Rendered ActiveModel::Serializer::Null with Hash (0.33ms)
Completed 202 Accepted in 10ms (Views: 3.2ms | ActiveRecord: 0.3ms | Allocations: 1941)


Started GET "/profile" for 127.0.0.1 at 2023-04-11 01:58:35 +0300
Processing by UsersController#profile as */*
  [1m[36mUser Load (0.2ms)[0m  [1m[34mSELECT "users".* FROM "users" WHERE "users"."id" = ? LIMIT ?[0m  [["id", 2], ["LIMIT", 1]]
  ↳ app/controllers/application_controller.rb:29:in `current_user'
  [1m[36mCACHE User Load (0.1ms)[0m  [1m[34mSELECT "users".* FROM "users" WHERE "users"."id" = ? LIMIT ?[0m  [["id", 2], ["LIMIT", 1]]
  ↳ app/controllers/application_controller.rb:29:in `current_user'
  [1m[36mCACHE User Load (0.1ms)[0m  [1m[34mSELECT "users".* FROM "users" WHERE "users"."id" = ? LIMIT ?[0m  [["id", 2], ["LIMIT", 1]]
  ↳ app/controllers/application_controller.rb:29:in `current_user'
[active_model_serializers] Rendered ActiveModel::Serializer::Null with Hash (0.2ms)
Completed 202 Accepted in 19ms (Views: 6.9ms | ActiveRecord: 0.3ms | Allocations: 1941)


Started GET "/profile" for 127.0.0.1 at 2023-04-11 01:59:00 +0300
Processing by UsersController#profile as */*
  [1m[36mUser Load (0.4ms)[0m  [1m[34mSELECT "users".* FROM "users" WHERE "users"."id" = ? LIMIT ?[0m  [["id", 2], ["LIMIT", 1]]
  ↳ app/controllers/application_controller.rb:29:in `current_user'
  [1m[36mCACHE User Load (0.1ms)[0m  [1m[34mSELECT "users".* FROM "users" WHERE "users"."id" = ? LIMIT ?[0m  [["id", 2], ["LIMIT", 1]]
  ↳ app/controllers/application_controller.rb:29:in `current_user'
  [1m[36mCACHE User Load (0.0ms)[0m  [1m[34mSELECT "users".* FROM "users" WHERE "users"."id" = ? LIMIT ?[0m  [["id", 2], ["LIMIT", 1]]
  ↳ app/controllers/application_controller.rb:29:in `current_user'
[active_model_serializers] Rendered ActiveModel::Serializer::Null with Hash (0.34ms)
Completed 202 Accepted in 23ms (Views: 8.0ms | ActiveRecord: 0.5ms | Allocations: 1941)


Started GET "/profile" for 127.0.0.1 at 2023-04-11 01:59:00 +0300
Processing by UsersController#profile as */*
  [1m[36mUser Load (0.3ms)[0m  [1m[34mSELECT "users".* FROM "users" WHERE "users"."id" = ? LIMIT ?[0m  [["id", 2], ["LIMIT", 1]]
  ↳ app/controllers/application_controller.rb:29:in `current_user'
  [1m[36mCACHE User Load (0.0ms)[0m  [1m[34mSELECT "users".* FROM "users" WHERE "users"."id" = ? LIMIT ?[0m  [["id", 2], ["LIMIT", 1]]
  ↳ app/controllers/application_controller.rb:29:in `current_user'
  [1m[36mCACHE User Load (0.0ms)[0m  [1m[34mSELECT "users".* FROM "users" WHERE "users"."id" = ? LIMIT ?[0m  [["id", 2], ["LIMIT", 1]]
  ↳ app/controllers/application_controller.rb:29:in `current_user'
[active_model_serializers] Rendered ActiveModel::Serializer::Null with Hash (0.22ms)
Completed 202 Accepted in 11ms (Views: 4.2ms | ActiveRecord: 0.4ms | Allocations: 1941)


Started GET "/profile" for 127.0.0.1 at 2023-04-11 01:59:07 +0300
Processing by UsersController#profile as */*
  [1m[36mUser Load (0.2ms)[0m  [1m[34mSELECT "users".* FROM "users" WHERE "users"."id" = ? LIMIT ?[0m  [["id", 2], ["LIMIT", 1]]
  ↳ app/controllers/application_controller.rb:29:in `current_user'
  [1m[36mCACHE User Load (0.0ms)[0m  [1m[34mSELECT "users".* FROM "users" WHERE "users"."id" = ? LIMIT ?[0m  [["id", 2], ["LIMIT", 1]]
  ↳ app/controllers/application_controller.rb:29:in `current_user'
  [1m[36mCACHE User Load (0.0ms)[0m  [1m[34mSELECT "users".* FROM "users" WHERE "users"."id" = ? LIMIT ?[0m  [["id", 2], ["LIMIT", 1]]
  ↳ app/controllers/application_controller.rb:29:in `current_user'
[active_model_serializers] Rendered ActiveModel::Serializer::Null with Hash (0.22ms)
Completed 202 Accepted in 7ms (Views: 2.6ms | ActiveRecord: 0.3ms | Allocations: 1941)


Started GET "/profile" for 127.0.0.1 at 2023-04-11 01:59:07 +0300
Processing by UsersController#profile as */*
  [1m[36mUser Load (0.2ms)[0m  [1m[34mSELECT "users".* FROM "users" WHERE "users"."id" = ? LIMIT ?[0m  [["id", 2], ["LIMIT", 1]]
  ↳ app/controllers/application_controller.rb:29:in `current_user'
  [1m[36mCACHE User Load (0.0ms)[0m  [1m[34mSELECT "users".* FROM "users" WHERE "users"."id" = ? LIMIT ?[0m  [["id", 2], ["LIMIT", 1]]
  ↳ app/controllers/application_controller.rb:29:in `current_user'
  [1m[36mCACHE User Load (0.1ms)[0m  [1m[34mSELECT "users".* FROM "users" WHERE "users"."id" = ? LIMIT ?[0m  [["id", 2], ["LIMIT", 1]]
  ↳ app/controllers/application_controller.rb:29:in `current_user'
[active_model_serializers] Rendered ActiveModel::Serializer::Null with Hash (0.23ms)
Completed 202 Accepted in 10ms (Views: 5.8ms | ActiveRecord: 0.3ms | Allocations: 1942)


Started GET "/profile" for 127.0.0.1 at 2023-04-11 01:59:19 +0300
Processing by UsersController#profile as */*
  [1m[36mUser Load (0.4ms)[0m  [1m[34mSELECT "users".* FROM "users" WHERE "users"."id" = ? LIMIT ?[0m  [["id", 2], ["LIMIT", 1]]
  ↳ app/controllers/application_controller.rb:29:in `current_user'
  [1m[36mCACHE User Load (0.1ms)[0m  [1m[34mSELECT "users".* FROM "users" WHERE "users"."id" = ? LIMIT ?[0m  [["id", 2], ["LIMIT", 1]]
  ↳ app/controllers/application_controller.rb:29:in `current_user'
  [1m[36mCACHE User Load (0.0ms)[0m  [1m[34mSELECT "users".* FROM "users" WHERE "users"."id" = ? LIMIT ?[0m  [["id", 2], ["LIMIT", 1]]
  ↳ app/controllers/application_controller.rb:29:in `current_user'
[active_model_serializers] Rendered ActiveModel::Serializer::Null with Hash (0.31ms)
Completed 202 Accepted in 24ms (Views: 5.9ms | ActiveRecord: 0.5ms | Allocations: 1941)


Started GET "/profile" for 127.0.0.1 at 2023-04-11 01:59:19 +0300
Processing by UsersController#profile as */*
  [1m[36mUser Load (0.2ms)[0m  [1m[34mSELECT "users".* FROM "users" WHERE "users"."id" = ? LIMIT ?[0m  [["id", 2], ["LIMIT", 1]]
  ↳ app/controllers/application_controller.rb:29:in `current_user'
  [1m[36mCACHE User Load (0.0ms)[0m  [1m[34mSELECT "users".* FROM "users" WHERE "users"."id" = ? LIMIT ?[0m  [["id", 2], ["LIMIT", 1]]
  ↳ app/controllers/application_controller.rb:29:in `current_user'
  [1m[36mCACHE User Load (0.0ms)[0m  [1m[34mSELECT "users".* FROM "users" WHERE "users"."id" = ? LIMIT ?[0m  [["id", 2], ["LIMIT", 1]]
  ↳ app/controllers/application_controller.rb:29:in `current_user'
[active_model_serializers] Rendered ActiveModel::Serializer::Null with Hash (0.24ms)
Completed 202 Accepted in 9ms (Views: 2.9ms | ActiveRecord: 0.3ms | Allocations: 1941)


